<?xml version="1.0" encoding="UTF-8"?>
<!-- Generated by org.testng.reporters.JUnitXMLReporter -->
<testsuite ignored="0" hostname="DESKTOP-NIVK6IH" failures="0" tests="3" name="Default test" time="0.132" errors="0" timestamp="2022-06-04T12:29:40 IST">
  <testcase classname="testPacke.VerifyHeaderOfApplication" name="@BeforeTest lanuchBrowser" time="-1.654325980073E9">
    <failure type="org.testng.TestNGException" message="
Parameter &amp;apos;browser&amp;apos; is required by BeforeTest on method lanuchBrowser but has not been marked @Optional or defined
in C:\Users\Dell\AppData\Local\Temp\testng-eclipse-1112567798\testng-customsuite.xml">
      <![CDATA[org.testng.TestNGException: 
Parameter 'browser' is required by BeforeTest on method lanuchBrowser but has not been marked @Optional or defined
in C:\Users\Dell\AppData\Local\Temp\testng-eclipse-1112567798\testng-customsuite.xml
at org.testng.internal.Parameters.createParams(Parameters.java:270)
at org.testng.internal.Parameters.createParametersForMethod(Parameters.java:358)
at org.testng.internal.Parameters.createParameters(Parameters.java:700)
at org.testng.internal.Parameters.createConfigurationParameters(Parameters.java:168)
at org.testng.internal.ConfigInvoker.invokeConfigurations(ConfigInvoker.java:302)
at org.testng.TestRunner.invokeTestConfigurations(TestRunner.java:637)
at org.testng.TestRunner.beforeRun(TestRunner.java:627)
at org.testng.TestRunner.run(TestRunner.java:589)
at org.testng.SuiteRunner.runTest(SuiteRunner.java:377)
at org.testng.SuiteRunner.runSequentially(SuiteRunner.java:371)
at org.testng.SuiteRunner.privateRun(SuiteRunner.java:332)
at org.testng.SuiteRunner.run(SuiteRunner.java:276)
at org.testng.SuiteRunnerWorker.runSuite(SuiteRunnerWorker.java:53)
at org.testng.SuiteRunnerWorker.run(SuiteRunnerWorker.java:96)
at org.testng.TestNG.runSuitesSequentially(TestNG.java:1212)
at org.testng.TestNG.runSuitesLocally(TestNG.java:1134)
at org.testng.TestNG.runSuites(TestNG.java:1063)
at org.testng.TestNG.run(TestNG.java:1031)
at org.testng.remote.AbstractRemoteTestNG.run(AbstractRemoteTestNG.java:115)
at org.testng.remote.RemoteTestNG.initAndRun(RemoteTestNG.java:251)
at org.testng.remote.RemoteTestNG.main(RemoteTestNG.java:77)
]]>
    </failure>
  </testcase> <!-- @BeforeTest lanuchBrowser -->
  <testcase classname="testPacke.VerifyHeaderOfApplication" name="@BeforeClass createPomObject" time="-1.65432598012E9">
    <skipped/>
  </testcase> <!-- @BeforeClass createPomObject -->
  <testcase classname="testPacke.VerifyHeaderOfApplication" name="@BeforeMethod loginToApplication" time="-1.654325980147E9">
    <skipped/>
  </testcase> <!-- @BeforeMethod loginToApplication -->
  <testcase classname="testPacke.VerifyHeaderOfApplication" name="@AfterMethod logoutToApplication" time="-1.654325980162E9">
    <skipped/>
  </testcase> <!-- @AfterMethod logoutToApplication -->
  <testcase classname="testPacke.VerifyHeaderOfApplication" name="@BeforeMethod loginToApplication" time="-1.65432598017E9">
    <skipped/>
  </testcase> <!-- @BeforeMethod loginToApplication -->
  <testcase classname="testPacke.VerifyHeaderOfApplication" name="@AfterMethod logoutToApplication" time="-1.654325980178E9">
    <skipped/>
  </testcase> <!-- @AfterMethod logoutToApplication -->
  <testcase classname="testPacke.VerifyHeaderOfApplication" name="@BeforeMethod loginToApplication" time="-1.65432598018E9">
    <skipped/>
  </testcase> <!-- @BeforeMethod loginToApplication -->
  <testcase classname="testPacke.VerifyHeaderOfApplication" name="@AfterMethod logoutToApplication" time="-1.654325980186E9">
    <skipped/>
  </testcase> <!-- @AfterMethod logoutToApplication -->
  <testcase classname="testPacke.VerifyHeaderOfApplication" name="@AfterClass clearObject" time="-1.654325980189E9">
    <skipped/>
  </testcase> <!-- @AfterClass clearObject -->
  <testcase classname="testPacke.VerifyHeaderOfApplication" name="@AfterTest closeBrowser" time="-1.654325980194E9">
    <skipped/>
  </testcase> <!-- @AfterTest closeBrowser -->
  <testcase classname="testPacke.VerifyHeaderOfApplication" name="verifyTaskButton" time="0.0">
    <skipped/>
  </testcase> <!-- verifyTaskButton -->
  <testcase classname="testPacke.VerifyHeaderOfApplication" name="verifyReportButton" time="0.0">
    <skipped/>
  </testcase> <!-- verifyReportButton -->
  <testcase classname="testPacke.VerifyHeaderOfApplication" name="verifyUserButton" time="0.0">
    <skipped/>
  </testcase> <!-- verifyUserButton -->
</testsuite> <!-- Default test -->
